Determining if the pthread_create exist failed with the following output:
Change Dir: /home/howe/turtlebot_demo/build/CMakeFiles/CMakeTmp

Run Build Command:/usr/bin/make "cmTryCompileExec245865493/fast"
/usr/bin/make -f CMakeFiles/cmTryCompileExec245865493.dir/build.make CMakeFiles/cmTryCompileExec245865493.dir/build
make[1]: 正在进入目录 `/home/howe/turtlebot_demo/build/CMakeFiles/CMakeTmp'
/usr/bin/cmake -E cmake_progress_report /home/howe/turtlebot_demo/build/CMakeFiles/CMakeTmp/CMakeFiles 1
Building C object CMakeFiles/cmTryCompileExec245865493.dir/CheckSymbolExists.c.o
/usr/bin/cc    -o CMakeFiles/cmTryCompileExec245865493.dir/CheckSymbolExists.c.o   -c /home/howe/turtlebot_demo/build/CMakeFiles/CMakeTmp/CheckSymbolExists.c
Linking C executable cmTryCompileExec245865493
/usr/bin/cmake -E cmake_link_script CMakeFiles/cmTryCompileExec245865493.dir/link.txt --verbose=1
/usr/bin/cc       CMakeFiles/cmTryCompileExec245865493.dir/CheckSymbolExists.c.o  -o cmTryCompileExec245865493 -rdynamic 
CMakeFiles/cmTryCompileExec245865493.dir/CheckSymbolExists.c.o：在函数‘main’中：
CheckSymbolExists.c:(.text+0x16)：对‘pthread_create’未定义的引用
collect2: error: ld returned 1 exit status
make[1]:正在离开目录 `/home/howe/turtlebot_demo/build/CMakeFiles/CMakeTmp'
make[1]: *** [cmTryCompileExec245865493] 错误 1
make: *** [cmTryCompileExec245865493/fast] 错误 2

File /home/howe/turtlebot_demo/build/CMakeFiles/CMakeTmp/CheckSymbolExists.c:
/* */
#include <pthread.h>

int main(int argc, char** argv)
{
  (void)argv;
#ifndef pthread_create
  return ((int*)(&pthread_create))[argc];
#else
  (void)argc;
  return 0;
#endif
}

Determining if the function pthread_create exists in the pthreads failed with the following output:
Change Dir: /home/howe/turtlebot_demo/build/CMakeFiles/CMakeTmp

Run Build Command:/usr/bin/make "cmTryCompileExec2673095042/fast"
/usr/bin/make -f CMakeFiles/cmTryCompileExec2673095042.dir/build.make CMakeFiles/cmTryCompileExec2673095042.dir/build
make[1]: 正在进入目录 `/home/howe/turtlebot_demo/build/CMakeFiles/CMakeTmp'
/usr/bin/cmake -E cmake_progress_report /home/howe/turtlebot_demo/build/CMakeFiles/CMakeTmp/CMakeFiles 1
Building C object CMakeFiles/cmTryCompileExec2673095042.dir/CheckFunctionExists.c.o
/usr/bin/cc   -DCHECK_FUNCTION_EXISTS=pthread_create   -o CMakeFiles/cmTryCompileExec2673095042.dir/CheckFunctionExists.c.o   -c /usr/share/cmake-2.8/Modules/CheckFunctionExists.c
Linking C executable cmTryCompileExec2673095042
/usr/bin/cmake -E cmake_link_script CMakeFiles/cmTryCompileExec2673095042.dir/link.txt --verbose=1
/usr/bin/cc   -DCHECK_FUNCTION_EXISTS=pthread_create    CMakeFiles/cmTryCompileExec2673095042.dir/CheckFunctionExists.c.o  -o cmTryCompileExec2673095042 -rdynamic -lpthreads 
/usr/bin/ld: 找不到 -lpthreads
collect2: error: ld returned 1 exit status
make[1]: *** [cmTryCompileExec2673095042] 错误 1
make[1]:正在离开目录 `/home/howe/turtlebot_demo/build/CMakeFiles/CMakeTmp'
make: *** [cmTryCompileExec2673095042/fast] 错误 2


